Determining if the pthread_create exist failed with the following output:
Change Dir: /home/thales/TCC/naoqiworktree/movehead/build-myconfig/CMakeFiles/CMakeTmp

Run Build Command:"/usr/bin/make" "cmTC_f1592/fast"
/usr/bin/make -f CMakeFiles/cmTC_f1592.dir/build.make CMakeFiles/cmTC_f1592.dir/build
make[1]: Entering directory '/home/thales/TCC/naoqiworktree/movehead/build-myconfig/CMakeFiles/CMakeTmp'
Building C object CMakeFiles/cmTC_f1592.dir/CheckSymbolExists.c.o
/usr/bin/cc     -o CMakeFiles/cmTC_f1592.dir/CheckSymbolExists.c.o   -c /home/thales/TCC/naoqiworktree/movehead/build-myconfig/CMakeFiles/CMakeTmp/CheckSymbolExists.c
Linking C executable cmTC_f1592
/usr/bin/cmake -E cmake_link_script CMakeFiles/cmTC_f1592.dir/link.txt --verbose=1
/usr/bin/cc       CMakeFiles/cmTC_f1592.dir/CheckSymbolExists.c.o  -o cmTC_f1592 -rdynamic 
CMakeFiles/cmTC_f1592.dir/CheckSymbolExists.c.o: na função `main':
CheckSymbolExists.c:(.text+0x16): referência indefinida para `pthread_create'
collect2: error: ld returned 1 exit status
CMakeFiles/cmTC_f1592.dir/build.make:97: recipe for target 'cmTC_f1592' failed
make[1]: *** [cmTC_f1592] Error 1
make[1]: Leaving directory '/home/thales/TCC/naoqiworktree/movehead/build-myconfig/CMakeFiles/CMakeTmp'
Makefile:126: recipe for target 'cmTC_f1592/fast' failed
make: *** [cmTC_f1592/fast] Error 2

File /home/thales/TCC/naoqiworktree/movehead/build-myconfig/CMakeFiles/CMakeTmp/CheckSymbolExists.c:
/* */
#include <pthread.h>

int main(int argc, char** argv)
{
  (void)argv;
#ifndef pthread_create
  return ((int*)(&pthread_create))[argc];
#else
  (void)argc;
  return 0;
#endif
}

Determining if the function pthread_create exists in the pthreads failed with the following output:
Change Dir: /home/thales/TCC/naoqiworktree/movehead/build-myconfig/CMakeFiles/CMakeTmp

Run Build Command:"/usr/bin/make" "cmTC_d6e6f/fast"
/usr/bin/make -f CMakeFiles/cmTC_d6e6f.dir/build.make CMakeFiles/cmTC_d6e6f.dir/build
make[1]: Entering directory '/home/thales/TCC/naoqiworktree/movehead/build-myconfig/CMakeFiles/CMakeTmp'
Building C object CMakeFiles/cmTC_d6e6f.dir/CheckFunctionExists.c.o
/usr/bin/cc    -DCHECK_FUNCTION_EXISTS=pthread_create   -o CMakeFiles/cmTC_d6e6f.dir/CheckFunctionExists.c.o   -c /usr/share/cmake-3.5/Modules/CheckFunctionExists.c
Linking C executable cmTC_d6e6f
/usr/bin/cmake -E cmake_link_script CMakeFiles/cmTC_d6e6f.dir/link.txt --verbose=1
/usr/bin/cc   -DCHECK_FUNCTION_EXISTS=pthread_create    CMakeFiles/cmTC_d6e6f.dir/CheckFunctionExists.c.o  -o cmTC_d6e6f -rdynamic -lpthreads 
/usr/bin/ld: não foi possível encontrar -lpthreads
collect2: error: ld returned 1 exit status
CMakeFiles/cmTC_d6e6f.dir/build.make:97: recipe for target 'cmTC_d6e6f' failed
make[1]: *** [cmTC_d6e6f] Error 1
make[1]: Leaving directory '/home/thales/TCC/naoqiworktree/movehead/build-myconfig/CMakeFiles/CMakeTmp'
Makefile:126: recipe for target 'cmTC_d6e6f/fast' failed
make: *** [cmTC_d6e6f/fast] Error 2


Determining if the pthread_create exist failed with the following output:
Change Dir: /home/thales/TCC/naoqiworktree/movehead/build-myconfig/CMakeFiles/CMakeTmp

Run Build Command:"/usr/bin/make" "cmTC_6522e/fast"
/usr/bin/make -f CMakeFiles/cmTC_6522e.dir/build.make CMakeFiles/cmTC_6522e.dir/build
make[1]: Entering directory '/home/thales/TCC/naoqiworktree/movehead/build-myconfig/CMakeFiles/CMakeTmp'
Building C object CMakeFiles/cmTC_6522e.dir/CheckSymbolExists.c.o
/usr/bin/cc     -o CMakeFiles/cmTC_6522e.dir/CheckSymbolExists.c.o   -c /home/thales/TCC/naoqiworktree/movehead/build-myconfig/CMakeFiles/CMakeTmp/CheckSymbolExists.c
Linking C executable cmTC_6522e
/usr/bin/cmake -E cmake_link_script CMakeFiles/cmTC_6522e.dir/link.txt --verbose=1
/usr/bin/cc       CMakeFiles/cmTC_6522e.dir/CheckSymbolExists.c.o  -o cmTC_6522e -rdynamic 
CMakeFiles/cmTC_6522e.dir/CheckSymbolExists.c.o: na função `main':
CheckSymbolExists.c:(.text+0x16): referência indefinida para `pthread_create'
collect2: error: ld returned 1 exit status
CMakeFiles/cmTC_6522e.dir/build.make:97: recipe for target 'cmTC_6522e' failed
make[1]: *** [cmTC_6522e] Error 1
make[1]: Leaving directory '/home/thales/TCC/naoqiworktree/movehead/build-myconfig/CMakeFiles/CMakeTmp'
Makefile:126: recipe for target 'cmTC_6522e/fast' failed
make: *** [cmTC_6522e/fast] Error 2

File /home/thales/TCC/naoqiworktree/movehead/build-myconfig/CMakeFiles/CMakeTmp/CheckSymbolExists.c:
/* */
#include <pthread.h>

int main(int argc, char** argv)
{
  (void)argv;
#ifndef pthread_create
  return ((int*)(&pthread_create))[argc];
#else
  (void)argc;
  return 0;
#endif
}

Determining if the function pthread_create exists in the pthreads failed with the following output:
Change Dir: /home/thales/TCC/naoqiworktree/movehead/build-myconfig/CMakeFiles/CMakeTmp

Run Build Command:"/usr/bin/make" "cmTC_61478/fast"
/usr/bin/make -f CMakeFiles/cmTC_61478.dir/build.make CMakeFiles/cmTC_61478.dir/build
make[1]: Entering directory '/home/thales/TCC/naoqiworktree/movehead/build-myconfig/CMakeFiles/CMakeTmp'
Building C object CMakeFiles/cmTC_61478.dir/CheckFunctionExists.c.o
/usr/bin/cc    -DCHECK_FUNCTION_EXISTS=pthread_create   -o CMakeFiles/cmTC_61478.dir/CheckFunctionExists.c.o   -c /usr/share/cmake-3.5/Modules/CheckFunctionExists.c
Linking C executable cmTC_61478
/usr/bin/cmake -E cmake_link_script CMakeFiles/cmTC_61478.dir/link.txt --verbose=1
/usr/bin/cc   -DCHECK_FUNCTION_EXISTS=pthread_create    CMakeFiles/cmTC_61478.dir/CheckFunctionExists.c.o  -o cmTC_61478 -rdynamic -lpthreads 
/usr/bin/ld: não foi possível encontrar -lpthreads
collect2: error: ld returned 1 exit status
CMakeFiles/cmTC_61478.dir/build.make:97: recipe for target 'cmTC_61478' failed
make[1]: *** [cmTC_61478] Error 1
make[1]: Leaving directory '/home/thales/TCC/naoqiworktree/movehead/build-myconfig/CMakeFiles/CMakeTmp'
Makefile:126: recipe for target 'cmTC_61478/fast' failed
make: *** [cmTC_61478/fast] Error 2


Determining if the pthread_create exist failed with the following output:
Change Dir: /home/thales/TCC/naoqiworktree/movehead/build-myconfig/CMakeFiles/CMakeTmp

Run Build Command:"/usr/bin/make" "cmTC_4c511/fast"
/usr/bin/make -f CMakeFiles/cmTC_4c511.dir/build.make CMakeFiles/cmTC_4c511.dir/build
make[1]: Entering directory '/home/thales/TCC/naoqiworktree/movehead/build-myconfig/CMakeFiles/CMakeTmp'
Building C object CMakeFiles/cmTC_4c511.dir/CheckSymbolExists.c.o
/usr/bin/cc     -o CMakeFiles/cmTC_4c511.dir/CheckSymbolExists.c.o   -c /home/thales/TCC/naoqiworktree/movehead/build-myconfig/CMakeFiles/CMakeTmp/CheckSymbolExists.c
Linking C executable cmTC_4c511
/usr/bin/cmake -E cmake_link_script CMakeFiles/cmTC_4c511.dir/link.txt --verbose=1
/usr/bin/cc       CMakeFiles/cmTC_4c511.dir/CheckSymbolExists.c.o  -o cmTC_4c511 -rdynamic 
CMakeFiles/cmTC_4c511.dir/CheckSymbolExists.c.o: na função `main':
CheckSymbolExists.c:(.text+0x16): referência indefinida para `pthread_create'
collect2: error: ld returned 1 exit status
CMakeFiles/cmTC_4c511.dir/build.make:97: recipe for target 'cmTC_4c511' failed
make[1]: *** [cmTC_4c511] Error 1
make[1]: Leaving directory '/home/thales/TCC/naoqiworktree/movehead/build-myconfig/CMakeFiles/CMakeTmp'
Makefile:126: recipe for target 'cmTC_4c511/fast' failed
make: *** [cmTC_4c511/fast] Error 2

File /home/thales/TCC/naoqiworktree/movehead/build-myconfig/CMakeFiles/CMakeTmp/CheckSymbolExists.c:
/* */
#include <pthread.h>

int main(int argc, char** argv)
{
  (void)argv;
#ifndef pthread_create
  return ((int*)(&pthread_create))[argc];
#else
  (void)argc;
  return 0;
#endif
}

Determining if the function pthread_create exists in the pthreads failed with the following output:
Change Dir: /home/thales/TCC/naoqiworktree/movehead/build-myconfig/CMakeFiles/CMakeTmp

Run Build Command:"/usr/bin/make" "cmTC_0016c/fast"
/usr/bin/make -f CMakeFiles/cmTC_0016c.dir/build.make CMakeFiles/cmTC_0016c.dir/build
make[1]: Entering directory '/home/thales/TCC/naoqiworktree/movehead/build-myconfig/CMakeFiles/CMakeTmp'
Building C object CMakeFiles/cmTC_0016c.dir/CheckFunctionExists.c.o
/usr/bin/cc    -DCHECK_FUNCTION_EXISTS=pthread_create   -o CMakeFiles/cmTC_0016c.dir/CheckFunctionExists.c.o   -c /usr/share/cmake-3.5/Modules/CheckFunctionExists.c
Linking C executable cmTC_0016c
/usr/bin/cmake -E cmake_link_script CMakeFiles/cmTC_0016c.dir/link.txt --verbose=1
/usr/bin/cc   -DCHECK_FUNCTION_EXISTS=pthread_create    CMakeFiles/cmTC_0016c.dir/CheckFunctionExists.c.o  -o cmTC_0016c -rdynamic -lpthreads 
/usr/bin/ld: não foi possível encontrar -lpthreads
collect2: error: ld returned 1 exit status
CMakeFiles/cmTC_0016c.dir/build.make:97: recipe for target 'cmTC_0016c' failed
make[1]: *** [cmTC_0016c] Error 1
make[1]: Leaving directory '/home/thales/TCC/naoqiworktree/movehead/build-myconfig/CMakeFiles/CMakeTmp'
Makefile:126: recipe for target 'cmTC_0016c/fast' failed
make: *** [cmTC_0016c/fast] Error 2


Determining if the pthread_create exist failed with the following output:
Change Dir: /home/thales/TCC/naoqiworktree/movehead/build-myconfig/CMakeFiles/CMakeTmp

Run Build Command:"/usr/bin/make" "cmTC_f2277/fast"
/usr/bin/make -f CMakeFiles/cmTC_f2277.dir/build.make CMakeFiles/cmTC_f2277.dir/build
make[1]: Entering directory '/home/thales/TCC/naoqiworktree/movehead/build-myconfig/CMakeFiles/CMakeTmp'
Building C object CMakeFiles/cmTC_f2277.dir/CheckSymbolExists.c.o
/usr/bin/cc     -o CMakeFiles/cmTC_f2277.dir/CheckSymbolExists.c.o   -c /home/thales/TCC/naoqiworktree/movehead/build-myconfig/CMakeFiles/CMakeTmp/CheckSymbolExists.c
Linking C executable cmTC_f2277
/usr/bin/cmake -E cmake_link_script CMakeFiles/cmTC_f2277.dir/link.txt --verbose=1
/usr/bin/cc       CMakeFiles/cmTC_f2277.dir/CheckSymbolExists.c.o  -o cmTC_f2277 -rdynamic 
CMakeFiles/cmTC_f2277.dir/CheckSymbolExists.c.o: na função `main':
CheckSymbolExists.c:(.text+0x16): referência indefinida para `pthread_create'
collect2: error: ld returned 1 exit status
CMakeFiles/cmTC_f2277.dir/build.make:97: recipe for target 'cmTC_f2277' failed
make[1]: *** [cmTC_f2277] Error 1
make[1]: Leaving directory '/home/thales/TCC/naoqiworktree/movehead/build-myconfig/CMakeFiles/CMakeTmp'
Makefile:126: recipe for target 'cmTC_f2277/fast' failed
make: *** [cmTC_f2277/fast] Error 2

File /home/thales/TCC/naoqiworktree/movehead/build-myconfig/CMakeFiles/CMakeTmp/CheckSymbolExists.c:
/* */
#include <pthread.h>

int main(int argc, char** argv)
{
  (void)argv;
#ifndef pthread_create
  return ((int*)(&pthread_create))[argc];
#else
  (void)argc;
  return 0;
#endif
}

Determining if the function pthread_create exists in the pthreads failed with the following output:
Change Dir: /home/thales/TCC/naoqiworktree/movehead/build-myconfig/CMakeFiles/CMakeTmp

Run Build Command:"/usr/bin/make" "cmTC_43251/fast"
/usr/bin/make -f CMakeFiles/cmTC_43251.dir/build.make CMakeFiles/cmTC_43251.dir/build
make[1]: Entering directory '/home/thales/TCC/naoqiworktree/movehead/build-myconfig/CMakeFiles/CMakeTmp'
Building C object CMakeFiles/cmTC_43251.dir/CheckFunctionExists.c.o
/usr/bin/cc    -DCHECK_FUNCTION_EXISTS=pthread_create   -o CMakeFiles/cmTC_43251.dir/CheckFunctionExists.c.o   -c /usr/share/cmake-3.5/Modules/CheckFunctionExists.c
Linking C executable cmTC_43251
/usr/bin/cmake -E cmake_link_script CMakeFiles/cmTC_43251.dir/link.txt --verbose=1
/usr/bin/cc   -DCHECK_FUNCTION_EXISTS=pthread_create    CMakeFiles/cmTC_43251.dir/CheckFunctionExists.c.o  -o cmTC_43251 -rdynamic -lpthreads 
/usr/bin/ld: não foi possível encontrar -lpthreads
collect2: error: ld returned 1 exit status
CMakeFiles/cmTC_43251.dir/build.make:97: recipe for target 'cmTC_43251' failed
make[1]: *** [cmTC_43251] Error 1
make[1]: Leaving directory '/home/thales/TCC/naoqiworktree/movehead/build-myconfig/CMakeFiles/CMakeTmp'
Makefile:126: recipe for target 'cmTC_43251/fast' failed
make: *** [cmTC_43251/fast] Error 2


Determining if the pthread_create exist failed with the following output:
Change Dir: /home/thales/TCC/naoqiworktree/movehead/build-myconfig/CMakeFiles/CMakeTmp

Run Build Command:"/usr/bin/make" "cmTC_16c66/fast"
/usr/bin/make -f CMakeFiles/cmTC_16c66.dir/build.make CMakeFiles/cmTC_16c66.dir/build
make[1]: Entering directory '/home/thales/TCC/naoqiworktree/movehead/build-myconfig/CMakeFiles/CMakeTmp'
Building C object CMakeFiles/cmTC_16c66.dir/CheckSymbolExists.c.o
/usr/bin/cc     -o CMakeFiles/cmTC_16c66.dir/CheckSymbolExists.c.o   -c /home/thales/TCC/naoqiworktree/movehead/build-myconfig/CMakeFiles/CMakeTmp/CheckSymbolExists.c
Linking C executable cmTC_16c66
/usr/bin/cmake -E cmake_link_script CMakeFiles/cmTC_16c66.dir/link.txt --verbose=1
/usr/bin/cc       CMakeFiles/cmTC_16c66.dir/CheckSymbolExists.c.o  -o cmTC_16c66 -rdynamic 
CMakeFiles/cmTC_16c66.dir/CheckSymbolExists.c.o: na função `main':
CheckSymbolExists.c:(.text+0x16): referência indefinida para `pthread_create'
collect2: error: ld returned 1 exit status
CMakeFiles/cmTC_16c66.dir/build.make:97: recipe for target 'cmTC_16c66' failed
make[1]: *** [cmTC_16c66] Error 1
make[1]: Leaving directory '/home/thales/TCC/naoqiworktree/movehead/build-myconfig/CMakeFiles/CMakeTmp'
Makefile:126: recipe for target 'cmTC_16c66/fast' failed
make: *** [cmTC_16c66/fast] Error 2

File /home/thales/TCC/naoqiworktree/movehead/build-myconfig/CMakeFiles/CMakeTmp/CheckSymbolExists.c:
/* */
#include <pthread.h>

int main(int argc, char** argv)
{
  (void)argv;
#ifndef pthread_create
  return ((int*)(&pthread_create))[argc];
#else
  (void)argc;
  return 0;
#endif
}

Determining if the function pthread_create exists in the pthreads failed with the following output:
Change Dir: /home/thales/TCC/naoqiworktree/movehead/build-myconfig/CMakeFiles/CMakeTmp

Run Build Command:"/usr/bin/make" "cmTC_33281/fast"
/usr/bin/make -f CMakeFiles/cmTC_33281.dir/build.make CMakeFiles/cmTC_33281.dir/build
make[1]: Entering directory '/home/thales/TCC/naoqiworktree/movehead/build-myconfig/CMakeFiles/CMakeTmp'
Building C object CMakeFiles/cmTC_33281.dir/CheckFunctionExists.c.o
/usr/bin/cc    -DCHECK_FUNCTION_EXISTS=pthread_create   -o CMakeFiles/cmTC_33281.dir/CheckFunctionExists.c.o   -c /usr/share/cmake-3.5/Modules/CheckFunctionExists.c
Linking C executable cmTC_33281
/usr/bin/cmake -E cmake_link_script CMakeFiles/cmTC_33281.dir/link.txt --verbose=1
/usr/bin/cc   -DCHECK_FUNCTION_EXISTS=pthread_create    CMakeFiles/cmTC_33281.dir/CheckFunctionExists.c.o  -o cmTC_33281 -rdynamic -lpthreads 
/usr/bin/ld: não foi possível encontrar -lpthreads
collect2: error: ld returned 1 exit status
CMakeFiles/cmTC_33281.dir/build.make:97: recipe for target 'cmTC_33281' failed
make[1]: *** [cmTC_33281] Error 1
make[1]: Leaving directory '/home/thales/TCC/naoqiworktree/movehead/build-myconfig/CMakeFiles/CMakeTmp'
Makefile:126: recipe for target 'cmTC_33281/fast' failed
make: *** [cmTC_33281/fast] Error 2


